[16/Dec/2025 12:35:12] INFO [products.models.save:169] Category saved: /mobile-phones
[16/Dec/2025 12:58:37] INFO [products.models.save:169] Category saved: /watches
[16/Dec/2025 14:00:18] INFO [products.models.save:169] Category saved: /mobile-phones/smart-phones
[16/Dec/2025 14:13:59] INFO [products.models.save:169] Category saved: /dress
[16/Dec/2025 14:42:41] INFO [products.models.save:169] Category saved: /dress
[16/Dec/2025 14:42:41] INFO [products.models.save:169] Category saved: /dress
[16/Dec/2025 14:42:42] INFO [products.models.save:169] Category saved: /dress
[16/Dec/2025 14:42:43] INFO [products.models.save:169] Category saved: /dress
[16/Dec/2025 14:42:44] INFO [products.models.save:169] Category saved: /dress
[16/Dec/2025 14:42:44] INFO [products.models.save:169] Category saved: /dress
[16/Dec/2025 14:42:44] INFO [products.models.save:169] Category saved: /dress
[16/Dec/2025 14:42:44] INFO [products.models.save:169] Category saved: /dress
[16/Dec/2025 14:42:45] INFO [products.models.save:169] Category saved: /dress
[16/Dec/2025 14:42:45] INFO [products.models.save:169] Category saved: /dress
[16/Dec/2025 14:42:46] INFO [products.models.save:169] Category saved: /dress
[16/Dec/2025 14:42:47] INFO [products.models.save:169] Category saved: /dress
[16/Dec/2025 14:42:47] INFO [products.models.save:169] Category saved: /dress
[16/Dec/2025 14:42:57] INFO [products.models.save:169] Category saved: /dress
[16/Dec/2025 14:42:58] INFO [products.models.save:169] Category saved: /dress
[16/Dec/2025 14:42:58] INFO [products.models.save:169] Category saved: /dress
[16/Dec/2025 14:48:19] INFO [products.models.save:169] Category saved: /dress
[16/Dec/2025 14:48:25] INFO [products.models.save:169] Category saved: /dress
[16/Dec/2025 14:48:30] INFO [products.models.save:169] Category saved: /dress
[16/Dec/2025 14:48:34] INFO [products.models.save:169] Category saved: /dress
[16/Dec/2025 14:52:22] INFO [products.models.save:169] Category saved: /dress
[16/Dec/2025 14:54:46] INFO [products.models.save:169] Category saved: /dress
[16/Dec/2025 14:54:52] INFO [products.models.save:169] Category saved: /dress
[16/Dec/2025 14:56:37] INFO [products.models.save:169] Category saved: /dress
[16/Dec/2025 14:56:44] INFO [products.models.save:169] Category saved: /dress
[16/Dec/2025 14:56:47] INFO [products.models.save:169] Category saved: /mobile-phones
[16/Dec/2025 14:56:49] INFO [products.models.save:169] Category saved: /mobile-phones
[16/Dec/2025 14:56:51] INFO [products.models.save:169] Category saved: /mobile-phones/smart-phones
[16/Dec/2025 14:56:55] INFO [products.models.save:169] Category saved: /mobile-phones/smart-phones
[16/Dec/2025 14:59:10] INFO [products.models.save:169] Category saved: /dress
[16/Dec/2025 14:59:11] INFO [products.models.save:169] Category saved: /mobile-phones
[16/Dec/2025 14:59:13] INFO [products.models.save:169] Category saved: /dress
[16/Dec/2025 14:59:14] INFO [products.models.save:169] Category saved: /mobile-phones
[16/Dec/2025 14:59:21] INFO [products.models.save:169] Category saved: /dress
[16/Dec/2025 15:05:21] INFO [products.models.save:169] Category saved: /dress
[16/Dec/2025 15:05:28] INFO [products.models.save:169] Category saved: /dress
[16/Dec/2025 15:05:29] INFO [products.models.save:169] Category saved: /dress
[16/Dec/2025 15:05:37] INFO [products.models.save:169] Category saved: /dress
[16/Dec/2025 15:21:09] INFO [products.models.save:169] Category saved: /mobile-phones
[16/Dec/2025 15:23:09] INFO [products.models.save:169] Category saved: /mobile-phones/smart-phones
[16/Dec/2025 15:23:12] INFO [products.models.save:169] Category saved: /mobile-phones/smart-phones
[16/Dec/2025 15:23:15] INFO [products.models.save:169] Category saved: /watches
[16/Dec/2025 15:23:16] INFO [products.models.save:169] Category saved: /watches
[16/Dec/2025 15:48:21] INFO [products.models.save:169] Category saved: /mobile-phones
[16/Dec/2025 16:15:07] INFO [products.models.save:285] Brand saved: Apple
[16/Dec/2025 16:15:17] INFO [products.models.save:285] Brand saved: Apple
[16/Dec/2025 16:15:22] INFO [products.models.save:285] Brand saved: Apple
[16/Dec/2025 16:15:26] INFO [products.models.save:285] Brand saved: Apple
[16/Dec/2025 16:15:27] INFO [products.models.save:285] Brand saved: Apple
[16/Dec/2025 16:15:28] INFO [products.models.save:285] Brand saved: Apple
